Terminals unused in grammar

    '*'
    '/'
    '^'


Grammar

    0 $accept: P $end

    1 P: E '\n'

    2 E: E '+' E
    3  | E '-' E
    4  | NUM


Terminals, with rules where they appear

    $end (0) 0
    '\n' (10) 1
    '*' (42)
    '+' (43) 2
    '-' (45) 3
    '/' (47)
    '^' (94)
    error (256)
    NUM (258) 4


Nonterminals, with rules where they appear

    $accept (10)
        on left: 0
    P (11)
        on left: 1
        on right: 0
    E (12)
        on left: 2 3 4
        on right: 1 2 3


State 0

    0 $accept: . P $end

    NUM  shift, and go to state 1

    P  go to state 2
    E  go to state 3


State 1

    4 E: NUM .

    $default  reduce using rule 4 (E)


State 2

    0 $accept: P . $end

    $end  shift, and go to state 4


State 3

    1 P: E . '\n'
    2 E: E . '+' E
    3  | E . '-' E

    '+'   shift, and go to state 5
    '-'   shift, and go to state 6
    '\n'  shift, and go to state 7


State 4

    0 $accept: P $end .

    $default  accept


State 5

    2 E: E '+' . E

    NUM  shift, and go to state 1

    E  go to state 8


State 6

    3 E: E '-' . E

    NUM  shift, and go to state 1

    E  go to state 9


State 7

    1 P: E '\n' .

    $default  reduce using rule 1 (P)


State 8

    2 E: E . '+' E
    2  | E '+' E .
    3  | E . '-' E

    $default  reduce using rule 2 (E)


State 9

    2 E: E . '+' E
    3  | E . '-' E
    3  | E '-' E .

    $default  reduce using rule 3 (E)
